<?xml version="1.0" encoding="UTF-8"?>
<testng-results skipped="0" failed="0" total="1" passed="1">
  <reporter-output>
  </reporter-output>
  <suite name="cricket.CricketTest" duration-ms="88" started-at="2018-09-22T21:03:36Z" finished-at="2018-09-22T21:03:36Z">
    <groups>
    </groups>
    <test name="Command line test" duration-ms="88" started-at="2018-09-22T21:03:36Z" finished-at="2018-09-22T21:03:36Z">
      <class name="cricket.CricketTest">
        <test-method status="PASS" signature="testScore()[pri:0, instance:cricket.CricketTest@27f674d]" name="testScore" duration-ms="62" started-at="2018-09-22T23:03:36Z" finished-at="2018-09-22T23:03:36Z">
          <reporter-output>
          </reporter-output>
        </test-method> <!-- testScore -->
      </class> <!-- cricket.CricketTest -->
    </test> <!-- Command line test -->
  </suite> <!-- cricket.CricketTest -->
</testng-results>
